<?xml version="1.0"?>
<testsuites>
  <testsuite name="PhantomJS 1.9.8 (Windows 8)" package="(Test Files 181 to 203)" timestamp="2016-08-22T17:04:33" id="0" hostname="ascbomvillarroe" tests="149" errors="0" failures="0" time="3.272">
    <properties>
      <property name="browser.fullName" value="Mozilla/5.0 (Windows NT 6.2; WOW64) AppleWebKit/534.34 (KHTML, like Gecko) PhantomJS/1.9.8 Safari/534.34"/>
    </properties>
    <testcase name="should include $selection for `SINGLE` selectionMode" time="0.064" classname="(Test Files 181 to 203) PhantomJS 1.9.8 (Windows 8).Directive: teTableBtnClick"/>
    <testcase name="should include $selection for `MULTI` selectionMode" time="0.031" classname="(Test Files 181 to 203) PhantomJS 1.9.8 (Windows 8).Directive: teTableBtnClick"/>
    <testcase name="should only enable button when table rows available and has selected rows" time="0.016" classname="(Test Files 181 to 203) PhantomJS 1.9.8 (Windows 8).Directive: teTableBtnSelected"/>
    <testcase name="should only enable button when table rows available and has one selected row" time="0.013" classname="(Test Files 181 to 203) PhantomJS 1.9.8 (Windows 8).Directive: teTableBtnSingleSelected"/>
    <testcase name="should transclude button content" time="0.014" classname="(Test Files 181 to 203) PhantomJS 1.9.8 (Windows 8).Directive: teTableEditBtn"/>
    <testcase name="should use data-te-table-btn-single-selected directive" time="0.013" classname="(Test Files 181 to 203) PhantomJS 1.9.8 (Windows 8).Directive: teTableEditBtn"/>
    <testcase name="should invoke filter function when filtered elements changes in `SINGLE` selection mode" time="0.027" classname="(Test Files 181 to 203) PhantomJS 1.9.8 (Windows 8).Directive: teTableFilter"/>
    <testcase name="should invoke filter function when filtered elements changes in `MULTI` selection mode" time="0.013" classname="(Test Files 181 to 203) PhantomJS 1.9.8 (Windows 8).Directive: teTableFilter"/>
    <testcase name="should get only filtered elements according searchTerm value" time="0.079" classname="(Test Files 181 to 203) PhantomJS 1.9.8 (Windows 8).Directive: teTableFilter"/>
    <testcase name="should transclude button content" time="0.026" classname="(Test Files 181 to 203) PhantomJS 1.9.8 (Windows 8).Directive: teTableRemoveBtn"/>
    <testcase name="should use data-te-table-btn-selected directive" time="0.018" classname="(Test Files 181 to 203) PhantomJS 1.9.8 (Windows 8).Directive: teTableRemoveBtn"/>
    <testcase name="should invoke expression when selection changes in `SINGLE` selection mode" time="0.015" classname="(Test Files 181 to 203) PhantomJS 1.9.8 (Windows 8).Directive: teTableSelect"/>
    <testcase name="should invoke expression when selection changes in `MULTI` selection mode" time="0.032" classname="(Test Files 181 to 203) PhantomJS 1.9.8 (Windows 8).Directive: teTableSelect"/>
    <testcase name="should $broadcast(`te-table-activated`) on $scope.$parent" time="0.006" classname="(Test Files 181 to 203) PhantomJS 1.9.8 (Windows 8).Controller: TeTableController activate()"/>
    <testcase name="should be set to 1" time="0.008" classname="(Test Files 181 to 203) PhantomJS 1.9.8 (Windows 8).Controller: TeTableController tableParams page"/>
    <testcase name="should be set to pageSize" time="0.006" classname="(Test Files 181 to 203) PhantomJS 1.9.8 (Windows 8).Controller: TeTableController tableParams count"/>
    <testcase name="should be set if defaultSort is set" time="0.005" classname="(Test Files 181 to 203) PhantomJS 1.9.8 (Windows 8).Controller: TeTableController tableParams sorting"/>
    <testcase name="should be empty if defaultSort is not set" time="0.006" classname="(Test Files 181 to 203) PhantomJS 1.9.8 (Windows 8).Controller: TeTableController tableParams sorting"/>
    <testcase name="should be `asc`" time="0.006" classname="(Test Files 181 to 203) PhantomJS 1.9.8 (Windows 8).Controller: TeTableController tableParams defaultSort"/>
    <testcase name="should pinRows()" time="0.007" classname="(Test Files 181 to 203) PhantomJS 1.9.8 (Windows 8).Controller: TeTableController tableParams getData()"/>
    <testcase name="should $filter() with `gridFilter`" time="0.007" classname="(Test Files 181 to 203) PhantomJS 1.9.8 (Windows 8).Controller: TeTableController tableParams getData()"/>
    <testcase name="should $filter() with `orderBy`" time="0.007" classname="(Test Files 181 to 203) PhantomJS 1.9.8 (Windows 8).Controller: TeTableController tableParams getData()"/>
    <testcase name="should $filter() with `valuesFilter`" time="0.006" classname="(Test Files 181 to 203) PhantomJS 1.9.8 (Windows 8).Controller: TeTableController tableParams getData()"/>
    <testcase name="should set total" time="0.005" classname="(Test Files 181 to 203) PhantomJS 1.9.8 (Windows 8).Controller: TeTableController tableParams getData()"/>
    <testcase name="should page data if pageSize is set" time="0.005" classname="(Test Files 181 to 203) PhantomJS 1.9.8 (Windows 8).Controller: TeTableController tableParams getData()"/>
    <testcase name="should set count if pageSize is not set" time="0.006" classname="(Test Files 181 to 203) PhantomJS 1.9.8 (Windows 8).Controller: TeTableController tableParams getData()"/>
    <testcase name="should be false if no $data is available" time="0.006" classname="(Test Files 181 to 203) PhantomJS 1.9.8 (Windows 8).Controller: TeTableController allSelected get()"/>
    <testcase name="should be false if no $data is selected" time="0.005" classname="(Test Files 181 to 203) PhantomJS 1.9.8 (Windows 8).Controller: TeTableController allSelected get()"/>
    <testcase name="should be false if all $data is not selected" time="0.006" classname="(Test Files 181 to 203) PhantomJS 1.9.8 (Windows 8).Controller: TeTableController allSelected get()"/>
    <testcase name="should be true if all $data is selected" time="0.005" classname="(Test Files 181 to 203) PhantomJS 1.9.8 (Windows 8).Controller: TeTableController allSelected get()"/>
    <testcase name="should add all $data to selection if set to true" time="0.006" classname="(Test Files 181 to 203) PhantomJS 1.9.8 (Windows 8).Controller: TeTableController allSelected set()"/>
    <testcase name="should remove all $data from selection if set to false" time="0.028" classname="(Test Files 181 to 203) PhantomJS 1.9.8 (Windows 8).Controller: TeTableController allSelected set()"/>
    <testcase name="should reloadTable()" time="0.006" classname="(Test Files 181 to 203) PhantomJS 1.9.8 (Windows 8).Controller: TeTableController allSelected set()"/>
    <testcase name="should resetTable() when changed" time="0.006" classname="(Test Files 181 to 203) PhantomJS 1.9.8 (Windows 8).Controller: TeTableController model"/>
    <testcase name="should remove missing selections" time="0.005" classname="(Test Files 181 to 203) PhantomJS 1.9.8 (Windows 8).Controller: TeTableController model"/>
    <testcase name="should resetTable() when changed" time="0.006" classname="(Test Files 181 to 203) PhantomJS 1.9.8 (Windows 8).Controller: TeTableController searchTerm"/>
    <testcase name="should clear searchTerm" time="0.006" classname="(Test Files 181 to 203) PhantomJS 1.9.8 (Windows 8).Controller: TeTableController clearSearch()"/>
    <testcase name="should return selection in `MULTI` selection mode" time="0.006" classname="(Test Files 181 to 203) PhantomJS 1.9.8 (Windows 8).Controller: TeTableController getSelection()"/>
    <testcase name="should return selection[0] in `SINGLE` selection mode" time="0.006" classname="(Test Files 181 to 203) PhantomJS 1.9.8 (Windows 8).Controller: TeTableController getSelection()"/>
    <testcase name="should return true if row is in selection" time="0.006" classname="(Test Files 181 to 203) PhantomJS 1.9.8 (Windows 8).Controller: TeTableController isRowSelected()"/>
    <testcase name="should return false otherwise" time="0.005" classname="(Test Files 181 to 203) PhantomJS 1.9.8 (Windows 8).Controller: TeTableController isRowSelected()"/>
    <testcase name="should enable searchField if disabled" time="0.008" classname="(Test Files 181 to 203) PhantomJS 1.9.8 (Windows 8).Controller: TeTableController toggleSearchField()"/>
    <testcase name="should resetTable() if searchField is toggled" time="0.006" classname="(Test Files 181 to 203) PhantomJS 1.9.8 (Windows 8).Controller: TeTableController toggleSearchField()"/>
    <testcase name="should disable searchField if disabled" time="0.006" classname="(Test Files 181 to 203) PhantomJS 1.9.8 (Windows 8).Controller: TeTableController toggleSearchField()"/>
    <testcase name="should not disable searchField if it is the last enabled field" time="0.008" classname="(Test Files 181 to 203) PhantomJS 1.9.8 (Windows 8).Controller: TeTableController toggleSearchField()"/>
    <testcase name="should not reloadTable() if searchField is not toggled" time="0.005" classname="(Test Files 181 to 203) PhantomJS 1.9.8 (Windows 8).Controller: TeTableController toggleSearchField()"/>
    <testcase name="should preventDefault() and stopImmediatePropagation() of event" time="0.005" classname="(Test Files 181 to 203) PhantomJS 1.9.8 (Windows 8).Controller: TeTableController toggleSearchField()"/>
    <testcase name="should do nothing if the parent fieldset is disabled" time="0.005" classname="(Test Files 181 to 203) PhantomJS 1.9.8 (Windows 8).Controller: TeTableController toggleSelection()"/>
    <testcase name="should preventDefault() and stopImmediatePropagation() of event" time="0.005" classname="(Test Files 181 to 203) PhantomJS 1.9.8 (Windows 8).Controller: TeTableController toggleSelection()"/>
    <testcase name="should reloadTable()" time="0.005" classname="(Test Files 181 to 203) PhantomJS 1.9.8 (Windows 8).Controller: TeTableController toggleSelection()"/>
    <testcase name="should add row to selection if not already selected" time="0.007" classname="(Test Files 181 to 203) PhantomJS 1.9.8 (Windows 8).Controller: TeTableController toggleSelection() `MULTI` selection mode"/>
    <testcase name="should remove row from selection if already selected" time="0.005" classname="(Test Files 181 to 203) PhantomJS 1.9.8 (Windows 8).Controller: TeTableController toggleSelection() `MULTI` selection mode"/>
    <testcase name="should replace selection with row if not already selected" time="0.007" classname="(Test Files 181 to 203) PhantomJS 1.9.8 (Windows 8).Controller: TeTableController toggleSelection() `SINGLE` selection mode"/>
    <testcase name="should remove row from selection if already selected" time="0.005" classname="(Test Files 181 to 203) PhantomJS 1.9.8 (Windows 8).Controller: TeTableController toggleSelection() `SINGLE` selection mode"/>
    <testcase name="should have class `table`" time="0.049" classname="(Test Files 181 to 203) PhantomJS 1.9.8 (Windows 8).Directive: teTable compile() table"/>
    <testcase name="should have class `table-bordered`" time="0.067" classname="(Test Files 181 to 203) PhantomJS 1.9.8 (Windows 8).Directive: teTable compile() table"/>
    <testcase name="should have class `table-hover`" time="0.039" classname="(Test Files 181 to 203) PhantomJS 1.9.8 (Windows 8).Directive: teTable compile() table"/>
    <testcase name="should have class `table-striped`" time="0.044" classname="(Test Files 181 to 203) PhantomJS 1.9.8 (Windows 8).Directive: teTable compile() table"/>
    <testcase name="should have attribute data-ng-table set" time="0.04" classname="(Test Files 181 to 203) PhantomJS 1.9.8 (Windows 8).Directive: teTable compile() table"/>
    <testcase name="should have attribute data-te-table-body set&quot;" time="0.039" classname="(Test Files 181 to 203) PhantomJS 1.9.8 (Windows 8).Directive: teTable compile() table"/>
    <testcase name="should have attribute data-header-title set" time="0.058" classname="(Test Files 181 to 203) PhantomJS 1.9.8 (Windows 8).Directive: teTable compile() td"/>
    <testcase name="should have attribute data-ng-class set" time="0.062" classname="(Test Files 181 to 203) PhantomJS 1.9.8 (Windows 8).Directive: teTable compile() tr"/>
    <testcase name="should have attribute data-ng-click set" time="0.153" classname="(Test Files 181 to 203) PhantomJS 1.9.8 (Windows 8).Directive: teTable compile() tr"/>
    <testcase name="should have select checkbox as first element in `MULTI` selection mode" time="0.057" classname="(Test Files 181 to 203) PhantomJS 1.9.8 (Windows 8).Directive: teTable compile() tr"/>
    <testcase name="should not have select checkbox in `SINGLE` selection mode" time="0.081" classname="(Test Files 181 to 203) PhantomJS 1.9.8 (Windows 8).Directive: teTable compile() tr"/>
    <testcase name="should have select checkbox in `SINGLE_CHECKBOX` selection mode without option checkbox all" time="0.092" classname="(Test Files 181 to 203) PhantomJS 1.9.8 (Windows 8).Directive: teTable compile() data options"/>
    <testcase name="should callback counter" time="0.104" classname="(Test Files 181 to 203) PhantomJS 1.9.8 (Windows 8).Directive: teTable compile() data options"/>
    <testcase name="should be bound to the scope" time="0.054" classname="(Test Files 181 to 203) PhantomJS 1.9.8 (Windows 8).Directive: teTable link() controller emptyMessage"/>
    <testcase name="should be bound to the scope" time="0.045" classname="(Test Files 181 to 203) PhantomJS 1.9.8 (Windows 8).Directive: teTable link() controller model"/>
    <testcase name="should be bound to the scope" time="0.116" classname="(Test Files 181 to 203) PhantomJS 1.9.8 (Windows 8).Directive: teTable link() controller pageSize"/>
    <testcase name="should be bound to the scope" time="0.054" classname="(Test Files 181 to 203) PhantomJS 1.9.8 (Windows 8).Directive: teTable link() controller pinnedRows"/>
    <testcase name="should be bound to the scope" time="0.05" classname="(Test Files 181 to 203) PhantomJS 1.9.8 (Windows 8).Directive: teTable link() controller selectionMode"/>
    <testcase name="should be initialized as the first sortable field" time="0.047" classname="(Test Files 181 to 203) PhantomJS 1.9.8 (Windows 8).Directive: teTable link() controller defaultSort"/>
    <testcase name="should be the column with data-sortable-default set to true" time="0.073" classname="(Test Files 181 to 203) PhantomJS 1.9.8 (Windows 8).Directive: teTable link() controller defaultSort"/>
    <testcase name="should be initialized with the searchable fields" time="0.063" classname="(Test Files 181 to 203) PhantomJS 1.9.8 (Windows 8).Directive: teTable link() controller searchFields"/>
    <testcase name="should be invoked" time="0.062" classname="(Test Files 181 to 203) PhantomJS 1.9.8 (Windows 8).Directive: teTable link() controller activate()"/>
    <testcase name="should transclude table" time="0.048" classname="(Test Files 181 to 203) PhantomJS 1.9.8 (Windows 8).Directive: teTable link() transclude()"/>
    <testcase name="should transclude buttons" time="0.059" classname="(Test Files 181 to 203) PhantomJS 1.9.8 (Windows 8).Directive: teTable link() transclude()"/>
    <testcase name="should change value on search fields" time="0.012" classname="(Test Files 181 to 203) PhantomJS 1.9.8 (Windows 8).Controller: TeTreeController toggleSearchField()"/>
    <testcase name="should be invoked" time="0.025" classname="(Test Files 181 to 203) PhantomJS 1.9.8 (Windows 8).Directive: teTree link() controller activate()"/>
    <testcase name="should transclude primary buttons" time="0.107" classname="(Test Files 181 to 203) PhantomJS 1.9.8 (Windows 8).Directive: teTree link() transclude()"/>
    <testcase name="should transclude secondary buttons" time="0.021" classname="(Test Files 181 to 203) PhantomJS 1.9.8 (Windows 8).Directive: teTree link() transclude()"/>
    <testcase name="should invoke expression on `rowCheck` event" time="0.032" classname="(Test Files 181 to 203) PhantomJS 1.9.8 (Windows 8).Directive: teTreeGridChecked"/>
    <testcase name="should invoke expression on `rowCollapse` event" time="0.019" classname="(Test Files 181 to 203) PhantomJS 1.9.8 (Windows 8).Directive: teTreeGridRowCollapse"/>
    <testcase name="should invoke expression on `rowExpand` event" time="0.017" classname="(Test Files 181 to 203) PhantomJS 1.9.8 (Windows 8).Directive: teTreeGridRowExpand"/>
    <testcase name="should invoke expression on `rowSelect` event" time="0.016" classname="(Test Files 181 to 203) PhantomJS 1.9.8 (Windows 8).Directive: teTreeGridSelect"/>
    <testcase name="should set settings" time="0.008" classname="(Test Files 181 to 203) PhantomJS 1.9.8 (Windows 8).Controller: TeTreeGridController activate()"/>
    <testcase name="should set source on changes to model" time="0.006" classname="(Test Files 181 to 203) PhantomJS 1.9.8 (Windows 8).Controller: TeTreeGridController activate()"/>
    <testcase name="should set source w/ childrenField on changes to model" time="0.007" classname="(Test Files 181 to 203) PhantomJS 1.9.8 (Windows 8).Controller: TeTreeGridController activate()"/>
    <testcase name="should setRecordUuids() on changes to model" time="0.007" classname="(Test Files 181 to 203) PhantomJS 1.9.8 (Windows 8).Controller: TeTreeGridController activate()"/>
    <testcase name="should not overwrite existing record UUIDs on changes to model" time="0.006" classname="(Test Files 181 to 203) PhantomJS 1.9.8 (Windows 8).Controller: TeTreeGridController activate()"/>
    <testcase name="should triggerResize() on changes to model" time="0.011" classname="(Test Files 181 to 203) PhantomJS 1.9.8 (Windows 8).Controller: TeTreeGridController activate()"/>
    <testcase name="should cellEndEdit() on changes to model" time="0.007" classname="(Test Files 181 to 203) PhantomJS 1.9.8 (Windows 8).Controller: TeTreeGridController activate()"/>
    <testcase name="should customSearchEnabled be true" time="0.007" classname="(Test Files 181 to 203) PhantomJS 1.9.8 (Windows 8).Controller: TeTreeGridController activate()"/>
    <testcase name="should customSearchEnabled be false" time="0.006" classname="(Test Files 181 to 203) PhantomJS 1.9.8 (Windows 8).Controller: TeTreeGridController activate()"/>
    <testcase name="should customSearchEnabled be false when teTreeGridCustomSearch is not defined" time="0.007" classname="(Test Files 181 to 203) PhantomJS 1.9.8 (Windows 8).Controller: TeTreeGridController activate()"/>
    <testcase name="should read teTreeGridSearchOptions" time="0.006" classname="(Test Files 181 to 203) PhantomJS 1.9.8 (Windows 8).Controller: TeTreeGridController activate()"/>
    <testcase name="should clearFilters()" time="0.008" classname="(Test Files 181 to 203) PhantomJS 1.9.8 (Windows 8).Controller: TeTreeGridController applySearch()"/>
    <testcase name="should addFilter() for enabled searchFields and applyFilters()" time="0.007" classname="(Test Files 181 to 203) PhantomJS 1.9.8 (Windows 8).Controller: TeTreeGridController applySearch()"/>
    <testcase name="should clear searchTerm" time="0.007" classname="(Test Files 181 to 203) PhantomJS 1.9.8 (Windows 8).Controller: TeTreeGridController clearSearch()"/>
    <testcase name="should applySearch()" time="0.007" classname="(Test Files 181 to 203) PhantomJS 1.9.8 (Windows 8).Controller: TeTreeGridController clearSearch()"/>
    <testcase name="should call teTreeGridOnClearSearchField()" time="0.006" classname="(Test Files 181 to 203) PhantomJS 1.9.8 (Windows 8).Controller: TeTreeGridController clearSearch()"/>
    <testcase name="should call teTreeGridOnClearFiltering()" time="0.007" classname="(Test Files 181 to 203) PhantomJS 1.9.8 (Windows 8).Controller: TeTreeGridController clearSearch()"/>
    <testcase name="should call clearSearch() when searchTerm is null" time="0.006" classname="(Test Files 181 to 203) PhantomJS 1.9.8 (Windows 8).Controller: TeTreeGridController customSearch()"/>
    <testcase name="should call clearSearch() when searchTerm is empty" time="0.006" classname="(Test Files 181 to 203) PhantomJS 1.9.8 (Windows 8).Controller: TeTreeGridController customSearch()"/>
    <testcase name="should call teTreeGridOnSearch()" time="0.017" classname="(Test Files 181 to 203) PhantomJS 1.9.8 (Windows 8).Controller: TeTreeGridController customSearch() Should execute function callback"/>
    <testcase name="should not call teTreeGridOnSearch() when searchTerm length less than customSearchMinLength" time="0.007" classname="(Test Files 181 to 203) PhantomJS 1.9.8 (Windows 8).Controller: TeTreeGridController customSearch() Should execute function callback"/>
    <testcase name="should get record by idField" time="0.006" classname="(Test Files 181 to 203) PhantomJS 1.9.8 (Windows 8).Controller: TeTreeGridController getRecord()"/>
    <testcase name="should enable searchField if disabled" time="0.011" classname="(Test Files 181 to 203) PhantomJS 1.9.8 (Windows 8).Controller: TeTreeGridController toggleSearchField()"/>
    <testcase name="should applySearch() if searchField is toggled" time="0.005" classname="(Test Files 181 to 203) PhantomJS 1.9.8 (Windows 8).Controller: TeTreeGridController toggleSearchField()"/>
    <testcase name="should disable searchField if disabled" time="0.006" classname="(Test Files 181 to 203) PhantomJS 1.9.8 (Windows 8).Controller: TeTreeGridController toggleSearchField()"/>
    <testcase name="should not disable searchField if it is the last enabled field" time="0.008" classname="(Test Files 181 to 203) PhantomJS 1.9.8 (Windows 8).Controller: TeTreeGridController toggleSearchField()"/>
    <testcase name="should not applySearch() if searchField is not toggled" time="0.006" classname="(Test Files 181 to 203) PhantomJS 1.9.8 (Windows 8).Controller: TeTreeGridController toggleSearchField()"/>
    <testcase name="should preventDefault() and stopImmediatePropagation() of event" time="0.007" classname="(Test Files 181 to 203) PhantomJS 1.9.8 (Windows 8).Controller: TeTreeGridController toggleSearchField()"/>
    <testcase name="should sortBy() defaultSort" time="0.007" classname="(Test Files 181 to 203) PhantomJS 1.9.8 (Windows 8).Controller: TeTreeGridController onReady()"/>
    <testcase name="should do nothing if defaultSort is not set" time="0.007" classname="(Test Files 181 to 203) PhantomJS 1.9.8 (Windows 8).Controller: TeTreeGridController onReady()"/>
    <testcase name="should sortBy() lastSortColumn if sortDirection is neither ascending nor descending" time="0.007" classname="(Test Files 181 to 203) PhantomJS 1.9.8 (Windows 8).Controller: TeTreeGridController onSort()"/>
    <testcase name="should triggerHandler() for `resize` on `rowCollapse`" time="0.007" classname="(Test Files 181 to 203) PhantomJS 1.9.8 (Windows 8).Controller: TeTreeGridController triggerResize()"/>
    <testcase name="should triggerHandler() for `resize` on `rowExpand`" time="0.009" classname="(Test Files 181 to 203) PhantomJS 1.9.8 (Windows 8).Controller: TeTreeGridController triggerResize()"/>
    <testcase name="should hack dataview._sort() to maintain sort history" time="0.009" classname="(Test Files 181 to 203) PhantomJS 1.9.8 (Windows 8).Controller: TeTreeGridController sortHack()"/>
    <testcase name="should call setDataChecked() function and append the checked row into a checked data list" time="0.007" classname="(Test Files 181 to 203) PhantomJS 1.9.8 (Windows 8).Controller: TeTreeGridController Checking into Tree grid"/>
    <testcase name="should unsetDataChecked() function and remove the checked row from the checked data list" time="0.008" classname="(Test Files 181 to 203) PhantomJS 1.9.8 (Windows 8).Controller: TeTreeGridController Checking into Tree grid"/>
    <testcase name="should cleanAllChecked() function and remove all checked data list" time="0.007" classname="(Test Files 181 to 203) PhantomJS 1.9.8 (Windows 8).Controller: TeTreeGridController Checking into Tree grid"/>
    <testcase name="should change the columns with new values" time="0.008" classname="(Test Files 181 to 203) PhantomJS 1.9.8 (Windows 8).Controller: TeTreeGridController refreshColumns()"/>
    <testcase name="should call uncheck function when header checkbox triggers event" time="0.014" classname="(Test Files 181 to 203) PhantomJS 1.9.8 (Windows 8).Controller: TeTreeGridController rendered()"/>
    <testcase name="should call check function when header checkbox triggers event" time="0.01" classname="(Test Files 181 to 203) PhantomJS 1.9.8 (Windows 8).Controller: TeTreeGridController rendered()"/>
    <testcase name="should call uncheck function when a checkbox triggers event" time="0.01" classname="(Test Files 181 to 203) PhantomJS 1.9.8 (Windows 8).Controller: TeTreeGridController rendered()"/>
    <testcase name="should call check function when a checkbox triggers event" time="0.011" classname="(Test Files 181 to 203) PhantomJS 1.9.8 (Windows 8).Controller: TeTreeGridController rendered()"/>
    <testcase name="should be set from &lt;te-columns/&gt;" time="0.027" classname="(Test Files 181 to 203) PhantomJS 1.9.8 (Windows 8).Directive: teTreeGrid link() controller columns"/>
    <testcase name="should invoke parsed function" time="0.045" classname="(Test Files 181 to 203) PhantomJS 1.9.8 (Windows 8).Directive: teTreeGrid link() controller columns cellClassName()"/>
    <testcase name="should invoke parsed function" time="0.048" classname="(Test Files 181 to 203) PhantomJS 1.9.8 (Windows 8).Directive: teTreeGrid link() controller columns cellsRenderer()"/>
    <testcase name="should invoke parsed edition configurations function" time="0.034" classname="(Test Files 181 to 203) PhantomJS 1.9.8 (Windows 8).Directive: teTreeGrid link() controller columns cellsEditor()"/>
    <testcase name="should be set from &lt;te-columns/&gt;" time="0.123" classname="(Test Files 181 to 203) PhantomJS 1.9.8 (Windows 8).Directive: teTreeGrid link() controller dataFields"/>
    <testcase name="should be initialized as the first sortable field when no column is specified as the default sort" time="0.022" classname="(Test Files 181 to 203) PhantomJS 1.9.8 (Windows 8).Directive: teTreeGrid link() controller defaultSort"/>
    <testcase name="should be initialized as the first field specified as the default sort" time="0.05" classname="(Test Files 181 to 203) PhantomJS 1.9.8 (Windows 8).Directive: teTreeGrid link() controller defaultSort"/>
    <testcase name="should be initialized with the searchable fields" time="0.024" classname="(Test Files 181 to 203) PhantomJS 1.9.8 (Windows 8).Directive: teTreeGrid link() controller searchFields"/>
    <testcase name="should be invoked" time="0.023" classname="(Test Files 181 to 203) PhantomJS 1.9.8 (Windows 8).Directive: teTreeGrid link() controller activate()"/>
    <testcase name="should transclude primary buttons" time="0.028" classname="(Test Files 181 to 203) PhantomJS 1.9.8 (Windows 8).Directive: teTreeGrid link() transclude()"/>
    <testcase name="should transclude secondary buttons" time="0.022" classname="(Test Files 181 to 203) PhantomJS 1.9.8 (Windows 8).Directive: teTreeGrid link() transclude()"/>
    <testcase name="should filter tables given a search string" time="0.006" classname="(Test Files 181 to 203) PhantomJS 1.9.8 (Windows 8).Filter: gridFilter"/>
    <testcase name="should process htmlText with htmlSafe filter" time="0.008" classname="(Test Files 181 to 203) PhantomJS 1.9.8 (Windows 8).Filter: HtmlSafeFilter"/>
    <testcase name="should format a number with commas and no decimal places:&quot;" time="0.007" classname="(Test Files 181 to 203) PhantomJS 1.9.8 (Windows 8).Filter: useFilter"/>
    <testcase name="should format a percentage with decimal places:&quot;" time="0.005" classname="(Test Files 181 to 203) PhantomJS 1.9.8 (Windows 8).Filter: useFilter"/>
    <testcase name="should format currency with commas, decimal places and currency symbol:&quot;" time="0.007" classname="(Test Files 181 to 203) PhantomJS 1.9.8 (Windows 8).Filter: useFilter"/>
    <testcase name="should filter a table given a array of expected values on different fields" time="0.007" classname="(Test Files 181 to 203) PhantomJS 1.9.8 (Windows 8).Filter: valuesFilter"/>
    <testcase name="should return the SHA1 Hash of a string" time="0.007" classname="(Test Files 181 to 203) PhantomJS 1.9.8 (Windows 8).Service: Sha1"/>
    <testcase name="should verify a element if defined or null." time="0.006" classname="(Test Files 181 to 203) PhantomJS 1.9.8 (Windows 8).Service: Utils"/>
    <testcase name="should verify a element when defined" time="0.007" classname="(Test Files 181 to 203) PhantomJS 1.9.8 (Windows 8).Service: Utils"/>
    <testcase name="should find a element on array" time="0.009" classname="(Test Files 181 to 203) PhantomJS 1.9.8 (Windows 8).Service: Utils"/>
    <system-out><![CDATA[
]]></system-out>
    <system-err/>
  </testsuite>
</testsuites>
